SF:lib/data/models/fixture_model_team.dart
DA:7,5
DA:12,3
DA:13,3
DA:14,6
DA:15,6
DA:19,3
DA:20,9
LF:7
LH:7
end_of_record
SF:lib/data/models/fixture_model_match.dart
DA:9,5
DA:16,3
DA:17,3
DA:18,3
DA:19,3
DA:20,3
DA:21,3
DA:25,3
DA:26,15
LF:9
LH:9
end_of_record
SF:lib/data/models/fixture_model.dart
DA:17,5
DA:25,3
DA:26,3
DA:27,6
DA:28,6
DA:29,6
DA:30,6
DA:31,6
DA:35,3
DA:36,18
LF:10
LH:10
end_of_record
SF:lib/data/models/fixture_model_league.dart
DA:12,5
DA:22,3
DA:23,3
DA:24,3
DA:25,3
DA:26,3
DA:27,3
DA:28,3
DA:29,3
DA:30,3
DA:34,3
DA:35,24
LF:12
LH:12
end_of_record
SF:lib/data/models/fixture_model_score.dart
DA:9,5
DA:16,3
DA:17,3
DA:18,6
DA:19,6
DA:20,6
DA:21,6
DA:25,3
DA:26,15
LF:9
LH:9
end_of_record
SF:lib/data/models/fixture_model_goal.dart
DA:7,5
DA:9,3
DA:10,9
DA:13,3
DA:14,9
LF:5
LH:5
end_of_record
SF:lib/data/models/fixture_model_fixture.dart
DA:13,5
DA:24,3
DA:25,3
DA:26,3
DA:27,3
DA:28,3
DA:29,3
DA:30,3
DA:31,3
DA:32,3
DA:33,3
DA:37,3
DA:39,27
LF:13
LH:13
end_of_record
SF:lib/data/models/fixture_response.dart
DA:8,3
DA:10,2
DA:11,2
DA:12,12
DA:16,1
DA:17,2
LF:6
LH:6
end_of_record
SF:lib/data/models/country_model.dart
DA:10,6
DA:12,4
DA:13,4
DA:14,4
DA:15,4
DA:16,4
DA:20,2
DA:21,2
DA:22,2
DA:23,2
DA:24,2
DA:28,5
DA:30,3
DA:31,12
LF:14
LH:14
end_of_record
SF:lib/data/models/country_response.dart
DA:7,4
DA:9,3
DA:10,3
DA:11,18
DA:15,1
DA:16,1
DA:18,6
DA:22,1
DA:23,2
LF:9
LH:9
end_of_record
SF:lib/domain/entities/country.dart
DA:8,1
DA:10,1
DA:11,4
LF:3
LH:3
end_of_record
SF:lib/data/models/league_model.dart
DA:16,6
DA:22,4
DA:23,4
DA:24,8
DA:25,8
DA:27,24
DA:31,1
DA:32,1
DA:33,2
DA:34,2
DA:35,2
DA:36,2
DA:40,3
DA:41,12
LF:14
LH:14
end_of_record
SF:lib/data/models/league_model_coverage.dart
DA:14,6
DA:26,4
DA:27,4
DA:28,8
DA:29,4
DA:30,4
DA:31,4
DA:32,4
DA:33,4
DA:34,4
DA:35,4
DA:36,4
DA:40,3
DA:42,3
DA:43,3
DA:44,3
DA:45,3
DA:46,3
DA:47,3
DA:48,3
DA:49,3
DA:50,3
DA:51,3
LF:23
LH:23
end_of_record
SF:lib/data/models/league_model_fixture.dart
DA:9,6
DA:16,4
DA:17,4
DA:18,4
DA:19,4
DA:20,4
DA:21,4
DA:25,3
DA:27,3
DA:28,3
DA:29,3
DA:30,3
DA:31,3
LF:13
LH:13
end_of_record
SF:lib/data/models/league_model_league.dart
DA:9,6
DA:11,4
DA:12,4
DA:13,4
DA:14,4
DA:15,4
DA:16,4
DA:20,3
DA:21,15
LF:9
LH:9
end_of_record
SF:lib/data/models/league_model_country.dart
DA:8,6
DA:10,4
DA:11,4
DA:12,4
DA:13,4
DA:14,4
DA:18,3
DA:19,12
LF:8
LH:8
end_of_record
SF:lib/data/models/league_model_season.dart
DA:10,6
DA:12,4
DA:13,4
DA:14,4
DA:15,4
DA:16,4
DA:17,4
DA:18,8
DA:22,3
DA:23,18
LF:10
LH:10
end_of_record
SF:lib/data/models/league_response.dart
DA:8,4
DA:10,3
DA:11,3
DA:12,18
DA:16,1
DA:17,2
LF:6
LH:6
end_of_record
SF:lib/domain/entities/league.dart
DA:9,1
DA:11,0
DA:12,0
DA:13,0
DA:14,0
DA:15,0
DA:16,0
DA:20,1
DA:21,5
LF:9
LH:3
end_of_record
SF:lib/common/exceptions.dart
DA:4,2
LF:1
LH:1
end_of_record
SF:lib/common/failure.dart
DA:6,4
DA:8,1
DA:9,2
DA:13,2
DA:17,3
LF:5
LH:5
end_of_record
SF:lib/data/repositories/footbal_repository_impl.dart
DA:15,1
DA:17,1
DA:20,2
DA:21,4
DA:22,1
DA:23,1
DA:24,3
DA:25,1
DA:30,1
DA:33,2
DA:34,4
DA:35,1
DA:36,1
DA:37,3
DA:38,1
LF:15
LH:15
end_of_record
SF:lib/data/data_sources/remote_data_source.dart
DA:30,1
DA:32,1
DA:34,2
DA:35,3
DA:36,1
DA:38,2
DA:39,4
DA:40,2
DA:42,2
DA:46,1
DA:48,2
DA:49,3
DA:50,1
DA:52,2
DA:53,4
DA:54,2
DA:56,2
DA:60,1
DA:62,2
DA:63,3
DA:64,1
DA:66,2
DA:67,4
DA:68,2
DA:70,2
LF:25
LH:25
end_of_record
