SF:lib/common/failure.dart
DA:6,23
DA:8,1
DA:9,2
DA:13,6
DA:17,18
DA:21,1
LF:6
LH:6
end_of_record
SF:lib/data/models/standing_model_team.dart
DA:8,7
DA:14,5
DA:15,5
DA:16,5
DA:17,5
DA:18,5
DA:22,2
DA:23,8
DA:26,3
DA:27,12
LF:10
LH:10
end_of_record
SF:lib/data/models/standing_model_match.dart
DA:7,7
DA:15,5
DA:16,5
DA:17,5
DA:18,5
DA:19,5
DA:20,5
DA:21,20
DA:25,3
DA:26,18
DA:28,2
DA:29,2
DA:30,2
DA:31,2
DA:32,2
DA:33,2
DA:34,2
LF:17
LH:17
end_of_record
SF:lib/data/models/standing_model_standing.dart
DA:16,7
DA:30,5
DA:31,5
DA:32,5
DA:33,10
DA:34,5
DA:35,5
DA:36,5
DA:37,5
DA:38,5
DA:39,5
DA:40,10
DA:41,10
DA:42,10
DA:46,3
DA:48,3
DA:49,3
DA:50,3
DA:51,3
DA:52,3
DA:53,3
DA:54,3
DA:55,3
DA:56,3
DA:57,3
DA:58,3
DA:59,3
LF:27
LH:27
end_of_record
SF:lib/data/models/standing_model_league.dart
DA:7,7
DA:16,5
DA:17,5
DA:18,5
DA:19,5
DA:20,5
DA:21,5
DA:22,5
DA:23,5
DA:27,2
DA:28,2
DA:29,2
DA:30,4
DA:31,2
DA:32,2
DA:33,2
DA:34,2
DA:38,3
DA:40,21
LF:19
LH:19
end_of_record
SF:lib/data/models/standing_model.dart
DA:18,7
DA:20,5
DA:21,5
DA:22,5
DA:23,5
DA:24,15
DA:25,5
DA:26,5
DA:27,5
DA:28,5
DA:30,5
DA:32,5
DA:36,2
DA:37,2
DA:38,4
DA:39,6
DA:40,2
DA:42,2
DA:43,2
DA:44,2
DA:45,2
DA:46,2
DA:47,2
DA:48,2
DA:49,2
DA:50,4
DA:51,4
DA:54,2
DA:58,3
DA:59,9
LF:30
LH:30
end_of_record
SF:lib/data/models/standing_response.dart
DA:7,5
DA:9,4
DA:10,4
DA:11,16
DA:12,4
DA:13,4
DA:17,1
DA:18,2
LF:8
LH:8
end_of_record
SF:lib/domain/usecase/get_standings.dart
DA:10,1
DA:12,1
DA:13,2
LF:3
LH:3
end_of_record
SF:lib/common/constants.dart
DA:9,6
DA:10,2
DA:14,2
DA:18,2
DA:22,2
DA:26,2
DA:30,2
DA:34,2
LF:8
LH:8
end_of_record
SF:lib/domain/usecase/get_countries.dart
DA:10,1
DA:12,1
DA:13,2
LF:3
LH:3
end_of_record
SF:lib/domain/usecase/get_leagues.dart
DA:10,1
DA:12,1
DA:13,2
LF:3
LH:3
end_of_record
SF:lib/presentation/home_module/controller.dart
DA:13,1
DA:15,2
DA:16,4
DA:17,3
DA:20,4
DA:22,1
DA:25,1
DA:27,2
DA:28,1
LF:9
LH:9
end_of_record
SF:lib/presentation/football_module/controller.dart
DA:15,1
DA:17,0
DA:19,0
DA:20,0
DA:23,1
DA:24,1
DA:25,1
DA:27,2
DA:28,1
DA:29,1
DA:30,2
DA:31,1
DA:33,1
DA:34,1
DA:35,5
DA:36,1
DA:39,1
DA:42,0
DA:43,0
LF:19
LH:14
end_of_record
SF:lib/common/exceptions.dart
DA:4,2
LF:1
LH:1
end_of_record
SF:lib/data/data_sources/remote_data_source.dart
DA:36,1
DA:37,2
DA:40,1
DA:43,2
DA:44,1
DA:47,2
DA:48,4
DA:49,2
DA:51,2
DA:53,1
DA:56,2
DA:60,1
DA:63,2
DA:64,1
DA:68,1
DA:72,2
DA:73,4
DA:74,2
DA:76,2
DA:78,1
DA:81,2
DA:85,1
DA:88,2
DA:89,1
DA:92,2
DA:93,4
DA:94,2
DA:96,2
DA:98,1
DA:101,2
DA:105,1
DA:108,1
DA:112,1
DA:113,1
DA:114,1
DA:117,2
DA:118,2
DA:119,4
DA:120,2
DA:122,2
LF:40
LH:40
end_of_record
SF:lib/data/models/country_model.dart
DA:10,8
DA:12,6
DA:13,6
DA:14,6
DA:15,6
DA:16,6
DA:20,2
DA:21,2
DA:22,2
DA:23,2
DA:24,2
DA:28,15
DA:30,3
DA:31,12
LF:14
LH:14
end_of_record
SF:lib/data/models/country_response.dart
DA:7,6
DA:9,5
DA:10,5
DA:11,30
DA:15,1
DA:16,1
DA:18,6
DA:22,1
DA:23,2
LF:9
LH:9
end_of_record
SF:lib/data/models/fixture_model_team.dart
DA:7,5
DA:12,3
DA:13,3
DA:14,6
DA:15,6
DA:19,3
DA:20,9
LF:7
LH:7
end_of_record
SF:lib/data/models/fixture_model_match.dart
DA:9,5
DA:16,3
DA:17,3
DA:18,3
DA:19,3
DA:20,3
DA:21,3
DA:25,3
DA:26,15
LF:9
LH:9
end_of_record
SF:lib/data/models/fixture_model.dart
DA:17,5
DA:25,3
DA:26,3
DA:27,6
DA:28,6
DA:29,6
DA:30,6
DA:31,6
DA:35,3
DA:36,18
LF:10
LH:10
end_of_record
SF:lib/data/models/fixture_model_league.dart
DA:12,5
DA:22,3
DA:23,3
DA:24,3
DA:25,3
DA:26,3
DA:27,3
DA:28,3
DA:29,3
DA:30,3
DA:34,3
DA:35,24
LF:12
LH:12
end_of_record
SF:lib/data/models/fixture_model_score.dart
DA:9,5
DA:16,3
DA:17,3
DA:18,6
DA:19,6
DA:20,6
DA:21,6
DA:25,3
DA:26,15
LF:9
LH:9
end_of_record
SF:lib/data/models/fixture_model_goal.dart
DA:7,5
DA:9,3
DA:10,9
DA:13,3
DA:14,9
LF:5
LH:5
end_of_record
SF:lib/data/models/fixture_model_fixture.dart
DA:13,5
DA:24,3
DA:25,3
DA:26,3
DA:27,3
DA:28,3
DA:29,3
DA:30,3
DA:31,3
DA:32,3
DA:33,3
DA:37,3
DA:39,27
LF:13
LH:13
end_of_record
SF:lib/data/models/fixture_response.dart
DA:8,3
DA:10,2
DA:11,2
DA:12,12
DA:16,1
DA:17,2
LF:6
LH:6
end_of_record
SF:lib/data/models/league_model.dart
DA:16,7
DA:22,5
DA:23,5
DA:24,10
DA:25,10
DA:27,30
DA:31,2
DA:32,2
DA:33,4
DA:34,4
DA:35,4
DA:36,4
DA:37,4
DA:38,4
DA:42,3
DA:43,12
LF:16
LH:16
end_of_record
SF:lib/data/models/league_model_coverage.dart
DA:14,7
DA:26,5
DA:27,5
DA:28,10
DA:29,5
DA:30,5
DA:31,5
DA:32,5
DA:33,5
DA:34,5
DA:35,5
DA:36,5
DA:40,3
DA:42,3
DA:43,3
DA:44,3
DA:45,3
DA:46,3
DA:47,3
DA:48,3
DA:49,3
DA:50,3
DA:51,3
LF:23
LH:23
end_of_record
SF:lib/data/models/league_model_fixture.dart
DA:9,7
DA:16,5
DA:17,5
DA:18,5
DA:19,5
DA:20,5
DA:21,5
DA:25,3
DA:27,3
DA:28,3
DA:29,3
DA:30,3
DA:31,3
LF:13
LH:13
end_of_record
SF:lib/data/models/league_model_league.dart
DA:9,7
DA:11,5
DA:12,5
DA:13,5
DA:14,5
DA:15,5
DA:16,5
DA:20,3
DA:21,15
LF:9
LH:9
end_of_record
SF:lib/data/models/league_model_country.dart
DA:8,7
DA:10,5
DA:11,5
DA:12,5
DA:13,5
DA:14,5
DA:18,3
DA:19,12
LF:8
LH:8
end_of_record
SF:lib/data/models/league_model_season.dart
DA:10,7
DA:12,5
DA:13,5
DA:14,5
DA:15,5
DA:16,5
DA:17,5
DA:18,10
DA:22,3
DA:23,18
LF:10
LH:10
end_of_record
SF:lib/data/models/league_response.dart
DA:8,5
DA:10,4
DA:11,4
DA:12,24
DA:16,1
DA:17,2
LF:6
LH:6
end_of_record
SF:lib/domain/entities/country.dart
DA:8,3
DA:10,1
DA:11,4
LF:3
LH:3
end_of_record
SF:lib/domain/entities/league.dart
DA:12,3
DA:22,1
DA:23,8
LF:3
LH:3
end_of_record
SF:lib/domain/entities/match_history.dart
DA:7,2
DA:15,1
DA:16,6
LF:3
LH:3
end_of_record
SF:lib/domain/entities/standing.dart
DA:10,2
DA:12,1
DA:13,3
LF:3
LH:3
end_of_record
SF:lib/domain/entities/standing_detail.dart
DA:13,2
DA:25,1
DA:27,1
DA:28,1
DA:29,1
DA:30,1
DA:31,1
DA:32,1
DA:33,1
DA:34,1
DA:35,1
DA:36,1
LF:12
LH:12
end_of_record
SF:lib/domain/entities/team.dart
DA:8,2
DA:14,1
DA:15,4
LF:3
LH:3
end_of_record
SF:lib/data/repositories/footbal_repository_impl.dart
DA:16,1
DA:18,1
DA:21,2
DA:22,4
DA:23,1
DA:24,1
DA:25,3
DA:26,1
DA:31,1
DA:34,2
DA:35,4
DA:36,1
DA:37,1
DA:38,3
DA:39,1
DA:44,1
DA:48,2
DA:49,1
DA:50,3
DA:51,1
DA:52,3
DA:53,1
DA:56,3
LF:23
LH:23
end_of_record
SF:lib/presentation/baseball_module/binding.dart
DA:6,0
DA:8,0
DA:9,0
LF:3
LH:0
end_of_record
SF:lib/presentation/baseball_module/page.dart
DA:8,16
DA:10,0
LF:2
LH:1
end_of_record
SF:lib/widgets/error_widget.dart
DA:6,49
DA:8,1
DA:10,1
DA:12,2
LF:4
LH:4
end_of_record
SF:lib/presentation/basketball_module/binding.dart
DA:6,0
DA:8,0
DA:9,0
LF:3
LH:0
end_of_record
SF:lib/presentation/basketball_module/page.dart
DA:8,16
DA:10,0
LF:2
LH:1
end_of_record
SF:lib/presentation/football_module/binding.dart
DA:10,0
DA:12,0
DA:13,0
DA:14,0
DA:15,0
DA:16,0
LF:6
LH:0
end_of_record
SF:lib/routes/app_page.dart
DA:15,0
DA:16,0
DA:18,0
DA:19,0
DA:20,0
DA:21,0
DA:22,0
DA:23,0
DA:24,0
DA:25,0
DA:26,0
DA:27,0
DA:29,0
DA:30,0
DA:32,0
DA:34,0
DA:36,0
DA:38,0
DA:40,0
DA:41,0
DA:42,0
DA:44,0
DA:45,0
DA:46,0
DA:47,0
DA:49,0
DA:50,0
DA:56,0
DA:58,0
DA:60,0
DA:62,0
DA:64,0
DA:66,0
DA:68,0
DA:70,0
LF:35
LH:0
end_of_record
SF:lib/presentation/football_module/football_league_module/binding.dart
DA:10,0
DA:12,0
DA:13,0
DA:14,0
DA:15,0
DA:16,0
LF:6
LH:0
end_of_record
SF:lib/presentation/football_module/football_league_module/controller.dart
DA:18,0
DA:20,0
DA:22,0
DA:23,0
DA:26,0
DA:27,0
DA:28,0
DA:30,0
DA:31,0
DA:32,0
DA:33,0
DA:34,0
DA:36,0
DA:37,0
DA:38,0
DA:41,0
DA:44,0
DA:45,0
DA:46,0
LF:19
LH:0
end_of_record
SF:lib/presentation/football_module/football_league_module/football_league_detail_module/binding.dart
DA:10,0
DA:12,0
DA:13,0
DA:14,0
DA:15,0
DA:16,0
LF:6
LH:0
end_of_record
SF:lib/presentation/football_module/football_league_module/football_league_detail_module/controller.dart
DA:25,0
DA:27,0
DA:29,0
DA:30,0
DA:31,0
DA:32,0
DA:34,0
DA:35,0
DA:38,0
DA:40,0
DA:41,0
DA:44,0
DA:46,0
DA:47,0
DA:48,0
DA:51,0
DA:52,0
DA:53,0
DA:55,0
DA:57,0
DA:60,0
DA:61,0
DA:62,0
DA:64,0
DA:65,0
DA:66,0
DA:67,0
DA:68,0
DA:70,0
DA:71,0
DA:72,0
DA:75,0
DA:78,0
DA:79,0
DA:80,0
DA:81,0
DA:82,0
DA:83,0
DA:86,0
DA:87,0
DA:88,0
LF:41
LH:0
end_of_record
SF:lib/presentation/football_module/football_league_module/football_league_detail_module/page.dart
DA:14,8
DA:16,0
DA:18,0
DA:19,0
DA:20,0
DA:21,0
DA:22,0
DA:24,0
DA:25,0
DA:26,0
DA:27,0
DA:37,0
DA:38,0
DA:39,0
DA:40,0
DA:42,0
DA:44,0
DA:45,0
DA:47,0
DA:48,0
DA:49,0
DA:50,0
DA:51,0
DA:53,0
DA:60,0
DA:61,0
DA:63,0
DA:64,0
DA:66,0
DA:68,0
DA:69,0
DA:70,0
DA:71,0
DA:72,0
DA:73,0
DA:74,0
DA:75,0
DA:76,0
DA:77,0
DA:78,0
DA:82,0
DA:83,0
DA:90,0
DA:91,0
DA:103,0
DA:104,0
DA:105,0
DA:106,0
DA:109,0
DA:110,0
DA:112,0
DA:114,0
DA:115,0
DA:117,0
DA:118,0
DA:119,0
DA:130,0
DA:133,0
DA:138,0
DA:139,0
DA:140,0
DA:141,0
DA:142,0
DA:143,0
DA:144,0
DA:149,0
DA:150,0
DA:151,0
DA:165,0
DA:167,0
DA:168,0
DA:170,0
DA:173,0
DA:174,0
DA:176,0
DA:177,0
DA:179,0
DA:182,0
DA:184,0
DA:186,0
DA:187,0
DA:189,0
DA:191,0
DA:192,0
DA:194,0
DA:196,0
DA:198,0
DA:200,0
DA:201,0
DA:203,0
DA:205,0
DA:206,0
DA:208,0
DA:210,0
DA:211,0
DA:212,0
DA:213,0
LF:97
LH:1
end_of_record
SF:lib/widgets/empty_widget.dart
DA:11,16
DA:28,0
DA:30,0
DA:33,0
DA:34,0
DA:36,0
DA:37,0
DA:38,0
DA:39,0
DA:41,0
DA:42,0
DA:43,0
DA:44,0
DA:47,0
DA:48,0
DA:60,0
DA:69,0
DA:71,0
DA:74,0
DA:75,0
DA:76,0
DA:77,0
DA:78,0
LF:23
LH:1
end_of_record
SF:lib/widgets/loader_widget.dart
DA:4,24
DA:6,1
LF:2
LH:2
end_of_record
SF:lib/presentation/football_module/football_league_module/football_league_detail_module/widgets/standing_section.dart
DA:9,0
DA:16,0
DA:18,0
DA:19,0
DA:20,0
DA:23,0
DA:24,0
DA:25,0
DA:28,0
DA:34,0
DA:35,0
DA:38,0
DA:40,0
LF:13
LH:0
end_of_record
SF:lib/presentation/football_module/football_league_module/page.dart
DA:12,8
DA:14,0
DA:16,0
DA:17,0
DA:18,0
DA:20,0
DA:21,0
DA:22,0
DA:24,0
DA:25,0
DA:27,0
DA:28,0
DA:29,0
DA:30,0
DA:36,0
DA:45,0
DA:46,0
DA:48,0
DA:49,0
DA:50,0
DA:51,0
DA:52,0
DA:53,0
DA:57,0
DA:58,0
DA:61,0
DA:64,0
LF:27
LH:1
end_of_record
SF:lib/presentation/football_module/page.dart
DA:11,17
DA:13,2
DA:15,2
DA:17,2
DA:18,2
DA:19,10
DA:21,2
DA:22,6
DA:24,6
DA:25,3
DA:26,6
DA:27,2
DA:36,2
DA:37,2
DA:39,6
DA:40,0
DA:41,0
DA:42,0
DA:43,0
DA:44,0
DA:45,0
DA:50,0
DA:53,0
LF:23
LH:15
end_of_record
SF:lib/presentation/formula_one_module/binding.dart
DA:6,0
DA:8,0
DA:9,0
LF:3
LH:0
end_of_record
SF:lib/presentation/formula_one_module/page.dart
DA:8,16
DA:10,0
LF:2
LH:1
end_of_record
SF:lib/presentation/handball_module/binding.dart
DA:6,0
DA:8,0
DA:9,0
LF:3
LH:0
end_of_record
SF:lib/presentation/handball_module/page.dart
DA:8,16
DA:10,0
LF:2
LH:1
end_of_record
SF:lib/presentation/hockey_module/binding.dart
DA:6,0
DA:8,0
DA:9,0
LF:3
LH:0
end_of_record
SF:lib/presentation/hockey_module/page.dart
DA:8,16
DA:10,0
LF:2
LH:1
end_of_record
SF:lib/presentation/home_module/binding.dart
DA:6,0
DA:8,0
DA:9,0
LF:3
LH:0
end_of_record
SF:lib/presentation/home_module/page.dart
DA:7,9
DA:9,1
DA:11,1
DA:13,1
DA:15,1
DA:17,2
DA:18,2
DA:21,1
DA:22,2
DA:23,2
LF:10
LH:10
end_of_record
SF:lib/presentation/volleyball_module/binding.dart
DA:6,0
DA:8,0
DA:9,0
LF:3
LH:0
end_of_record
SF:lib/presentation/volleyball_module/page.dart
DA:8,16
DA:10,0
LF:2
LH:1
end_of_record
